Copyright 1986-2018 Xilinx, Inc. All Rights Reserved.
-------------------------------------------------------------------------------------------------------------------------------------------
| Tool Version     : Vivado v.2018.2 (win64) Build 2258646 Thu Jun 14 20:03:12 MDT 2018
| Date             : Fri Jun 25 00:03:51 2021
| Host             : DESKTOP-0MPJ060 running 64-bit major release  (build 9200)
| Command          : report_power -file VGA_Top_power_routed.rpt -pb VGA_Top_power_summary_routed.pb -rpx VGA_Top_power_routed.rpx
| Design           : VGA_Top
| Device           : xc7a35ticpg236-1L
| Design State     : routed
| Grade            : industrial
| Process          : typical
| Characterization : Production
-------------------------------------------------------------------------------------------------------------------------------------------

Power Report

Table of Contents
-----------------
1. Summary
1.1 On-Chip Components
1.2 Power Supply Summary
1.3 Confidence Level
2. Settings
2.1 Environment
2.2 Clock Constraints
3. Detailed Reports
3.1 By Hierarchy

1. Summary
----------

+--------------------------+--------------+
| Total On-Chip Power (W)  | 30.951       |
| Design Power Budget (W)  | Unspecified* |
| Power Budget Margin (W)  | NA           |
| Dynamic (W)              | 30.623       |
| Device Static (W)        | 0.329        |
| Effective TJA (C/W)      | 5.0          |
| Max Ambient (C)          | 0.0          |
| Junction Temperature (C) | 125.0        |
| Confidence Level         | Low          |
| Setting File             | ---          |
| Simulation Activity File | ---          |
| Design Nets Matched      | NA           |
+--------------------------+--------------+
* Specify Design Power Budget using, set_operating_conditions -design_power_budget <value in Watts>


1.1 On-Chip Components
----------------------

+----------------+-----------+----------+-----------+-----------------+
| On-Chip        | Power (W) | Used     | Available | Utilization (%) |
+----------------+-----------+----------+-----------+-----------------+
| Slice Logic    |     1.491 |      634 |       --- |             --- |
|   LUT as Logic |     1.329 |      291 |     20800 |            1.40 |
|   Register     |     0.093 |      206 |     41600 |            0.50 |
|   CARRY4       |     0.036 |       15 |      8150 |            0.18 |
|   BUFG         |     0.033 |        3 |        32 |            9.38 |
|   Others       |     0.000 |       18 |       --- |             --- |
| Signals        |     1.299 |      509 |       --- |             --- |
| I/O            |    27.832 |       34 |       106 |           32.08 |
| Static Power   |     0.329 |          |           |                 |
| Total          |    30.951 |          |           |                 |
+----------------+-----------+----------+-----------+-----------------+


1.2 Power Supply Summary
------------------------

+-----------+-------------+-----------+-------------+------------+
| Source    | Voltage (V) | Total (A) | Dynamic (A) | Static (A) |
+-----------+-------------+-----------+-------------+------------+
| Vccint    |       0.950 |     3.169 |       2.957 |      0.211 |
| Vccaux    |       1.800 |     1.067 |       1.019 |      0.048 |
| Vcco33    |       3.300 |     7.873 |       7.872 |      0.001 |
| Vcco25    |       2.500 |     0.000 |       0.000 |      0.000 |
| Vcco18    |       1.800 |     0.000 |       0.000 |      0.000 |
| Vcco15    |       1.500 |     0.000 |       0.000 |      0.000 |
| Vcco135   |       1.350 |     0.000 |       0.000 |      0.000 |
| Vcco12    |       1.200 |     0.000 |       0.000 |      0.000 |
| Vccaux_io |       1.800 |     0.000 |       0.000 |      0.000 |
| Vccbram   |       0.950 |     0.006 |       0.000 |      0.006 |
| MGTAVcc   |       1.000 |     0.000 |       0.000 |      0.000 |
| MGTAVtt   |       1.200 |     0.000 |       0.000 |      0.000 |
| Vccadc    |       1.800 |     0.018 |       0.000 |      0.018 |
+-----------+-------------+-----------+-------------+------------+


1.3 Confidence Level
--------------------

+-----------------------------+------------+--------------------------------------------------------+--------------------------------------------------------------------------------------------------------------------+
| User Input Data             | Confidence | Details                                                | Action                                                                                                             |
+-----------------------------+------------+--------------------------------------------------------+--------------------------------------------------------------------------------------------------------------------+
| Design implementation state | High       | Design is routed                                       |                                                                                                                    |
| Clock nodes activity        | Low        | User specified less than 75% of clocks                 | Provide missing clock activity with a constraint file, simulation results or by editing the "By Clock Domain" view |
| I/O nodes activity          | Low        | More than 75% of inputs are missing user specification | Provide missing input activity with simulation results or by editing the "By Resource Type -> I/Os" view           |
| Internal nodes activity     | Medium     | User specified less than 25% of internal nodes         | Provide missing internal nodes activity with simulation results or by editing the "By Resource Type" views         |
| Device models               | High       | Device models are Production                           |                                                                                                                    |
|                             |            |                                                        |                                                                                                                    |
| Overall confidence level    | Low        |                                                        |                                                                                                                    |
+-----------------------------+------------+--------------------------------------------------------+--------------------------------------------------------------------------------------------------------------------+


2. Settings
-----------

2.1 Environment
---------------

+-----------------------+--------------------------+
| Ambient Temp (C)      | 25.0                     |
| ThetaJA (C/W)         | 5.0                      |
| Airflow (LFM)         | 250                      |
| Heat Sink             | medium (Medium Profile)  |
| ThetaSA (C/W)         | 4.6                      |
| Board Selection       | medium (10"x10")         |
| # of Board Layers     | 12to15 (12 to 15 Layers) |
| Board Temperature (C) | 25.0                     |
+-----------------------+--------------------------+


2.2 Clock Constraints
---------------------

+-------+--------+-----------------+
| Clock | Domain | Constraint (ns) |
+-------+--------+-----------------+


3. Detailed Reports
-------------------

3.1 By Hierarchy
----------------

+------------------+-----------+
| Name             | Power (W) |
+------------------+-----------+
| VGA_Top          |    30.623 |
|   nolabel_line61 |     0.040 |
|   nolabel_line64 |     0.730 |
|   nolabel_line67 |     1.926 |
|     d1           |     0.335 |
|     d2           |     0.669 |
|       d1Hz       |     0.137 |
|     de           |     0.169 |
|       d1         |     0.136 |
|     u1           |     0.183 |
|       u1         |     0.122 |
|       u2         |     0.023 |
|       u3         |     0.020 |
|       u4         |     0.018 |
|     u2           |     0.112 |
|       u1         |     0.099 |
|       u2         |     0.012 |
|       u3         |     0.001 |
|       u4         |    <0.001 |
|   nolabel_line70 |     0.003 |
|     v1           |    <0.001 |
|     v2           |     0.001 |
|     v3           |    <0.001 |
|     v4           |    <0.001 |
+------------------+-----------+


